#
# A fatal error has been detected by the Java Runtime Environment:
#
#  EXCEPTION_ACCESS_VIOLATION (0xc0000005) at pc=0x00007ffd892d26c4, pid=27492, tid=39628
#
# JRE version: OpenJDK Runtime Environment (24.0.1+9) (build 24.0.1+9-30)
# Java VM: OpenJDK 64-Bit Server VM (24.0.1+9-30, mixed mode, emulated-client, sharing, tiered, compressed oops, compressed class ptrs, g1 gc, windows-amd64)
# Problematic frame:
# C  [libasyncProfiler.dll+0x926c4]
#
# No core dump will be written. Minidumps are not enabled by default on client versions of Windows
#
# JFR recording file will be written. Location: C:\lms\LMS-Backend\hs_err_pid27492.jfr
#
# If you would like to submit a bug report, please visit:
#   https://bugreport.java.com/bugreport/crash.jsp
# The crash happened outside the Java Virtual Machine in native code.
# See problematic frame for where to report the bug.
#

---------------  S U M M A R Y ------------

Command Line: -XX:TieredStopAtLevel=1 -Dspring.output.ansi.enabled=always -Dcom.sun.management.jmxremote -Dspring.jmx.enabled=true -Dspring.liveBeansView.mbeanDomain -Dspring.application.admin.enabled=true -Dmanagement.endpoints.jmx.exposure.include=* -javaagent:C:\Users\ADMIN\AppData\Local\Programs\IntelliJ IDEA Ultimate\lib\idea_rt.jar=61170 -Dfile.encoding=UTF-8 -Dsun.stdout.encoding=UTF-8 -Dsun.stderr.encoding=UTF-8 org.example.lmsbackend.LmsBackendApplication

Host: Intel(R) Core(TM) i7-8750H CPU @ 2.20GHz, 12 cores, 15G,  Windows 11 , 64 bit Build 26100 (10.0.26100.4484)
Time: Wed Jul  9 01:02:07 2025 SE Asia Standard Time elapsed time: 111.452669 seconds (0d 0h 1m 51s)

---------------  T H R E A D  ---------------

Current thread (0x000002c63aaf4490):  JavaThread "Attach Listener" daemon [_thread_in_native, id=39628, stack(0x000000d95c100000,0x000000d95c200000) (1024K)]

Stack: [0x000000d95c100000,0x000000d95c200000],  sp=0x000000d95c1feff0,  free space=1019k
Native frames: (J=compiled Java code, j=interpreted, Vv=VM code, C=native code)
C  [libasyncProfiler.dll+0x926c4]  (no source info available)
C  [libasyncProfiler.dll+0x92b9b]  (no source info available)
C  [libasyncProfiler.dll+0x917f4]  (no source info available)
C  [libasyncProfiler.dll+0x9206a]  (no source info available)
C  [libasyncProfiler.dll+0x8cc21]  (no source info available)
C  [libasyncProfiler.dll+0x7e5e1]  (no source info available)
C  [libasyncProfiler.dll+0x7d2f8]  (no source info available)
C  [libasyncProfiler.dll+0x7d1e0]  (no source info available)
C  [libasyncProfiler.dll+0x841b9]  (no source info available)
V  [jvm.dll+0x57eff7]  (no source info available)
V  [jvm.dll+0x57fdac]  (no source info available)
V  [jvm.dll+0x14ca17]  (no source info available)
V  [jvm.dll+0x14dfe1]  (no source info available)
V  [jvm.dll+0x42f456]  (no source info available)
V  [jvm.dll+0x87d76b]  (no source info available)
V  [jvm.dll+0x72ee55]  (no source info available)
C  [ucrtbase.dll+0x37b0]  (no source info available)
C  [KERNEL32.DLL+0x2e8d7]  (no source info available)
C  [ntdll.dll+0x3c34c]  (no source info available)


siginfo: EXCEPTION_ACCESS_VIOLATION (0xc0000005), reading address 0xffffffffffffffff


Registers:
RAX=0x0000000000000010, RBX=0x0000000000000000, RCX=0xffffffffffffffff, RDX=0x007ffd863d300010
RSP=0x000000d95c1feff0, RBP=0x000002c600214d10, RSI=0x000000d95c1ff160, RDI=0x000002c600214d10
R8 =0x0000000000000042, R9 =0x00000007ffc0ac40, R10=0x00007ffd86649fb0, R11=0x0000000000000026
R12=0x000000d95c1ff160, R13=0x000002c6005b7f40, R14=0x000002c63aaf4858, R15=0x000002c63aaf4858
RIP=0x00007ffd892d26c4, EFLAGS=0x0000000000010202

XMM[0]=0x0000000000000000 0x0000000000000000
XMM[1]=0x0000000000000000 0x0000000000000000
XMM[2]=0x0000000000000000 0x0000000000000000
XMM[3]=0x0000000000000000 0x0000000000000000
XMM[4]=0x0000000000000000 0x0000000000000000
XMM[5]=0x0000000000000000 0x0000000000000000
XMM[6]=0x0000000000000000 0x0000000000000000
XMM[7]=0x0000000000000000 0x0000000000000000
XMM[8]=0x0000000000000000 0x0000000000000000
XMM[9]=0x0000000000000000 0x0000000000000000
XMM[10]=0x0000000000000000 0x0000000000000000
XMM[11]=0x0000000000000000 0x0000000000000000
XMM[12]=0x0000000000000000 0x0000000000000000
XMM[13]=0x0000000000000000 0x0000000000000000
XMM[14]=0x0000000000000000 0x0000000000000000
XMM[15]=0x0000000000000000 0x0000000000000000
  MXCSR=0x00001fa0


Register to memory mapping:

RAX=0x0000000000000010 is an unknown value
RBX=0x0 is null
RCX=0xffffffffffffffff is an unknown value
RDX=0x007ffd863d300010 is an unknown value
RSP=0x000000d95c1feff0 is pointing into the stack for thread: 0x000002c63aaf4490
RBP=0x000002c600214d10 points into unknown readable memory: 0x00000007ffc0ac40 | 40 ac c0 ff 07 00 00 00
RSI=0x000000d95c1ff160 is pointing into the stack for thread: 0x000002c63aaf4490
RDI=0x000002c600214d10 points into unknown readable memory: 0x00000007ffc0ac40 | 40 ac c0 ff 07 00 00 00
R8 =0x0000000000000042 is an unknown value
R9 =0x00000007ffc0ac40 is an oop: java.lang.ref.Reference$ReferenceHandler 
{0x00000007ffc0ac40} - klass: 'java/lang/ref/Reference$ReferenceHandler' - flags: 

 - ---- fields (total size 14 words):
 - 'threadLocalRandomProbe' 'I' @12  0 (0x00000000)
 - private volatile 'eetop' 'J' @16  3050402335024 (0x000002c63a25c930)
 - private final 'tid' 'J' @24  14 (0x000000000000000e)
 - 'threadLocalRandomSeed' 'J' @32  0 (0x0000000000000000)
 - injected 'jvmti_thread_state' 'J' @40  3049472015408 (0x000002c602b23c30)
 - 'threadLocalRandomSecondarySeed' 'I' @48  0 (0x00000000)
 - injected 'jvmti_VTMS_transition_disable_count' 'I' @52  0 (0x00000000)
 - injected 'jfr_epoch' 'S' @56  0 (0x0000)
 - volatile 'interrupted' 'Z' @58  false (0x00)
 - injected 'jvmti_is_in_VTMS_transition' 'Z' @59  false (0x00)
 - private volatile 'name' 'Ljava/lang/String;' @60  "Reference Handler"{0x00000007022a6ae8} (0xe0454d5d)
 - private volatile 'contextClassLoader' 'Ljava/lang/ClassLoader;' @64  null (0x00000000)
 - private final 'holder' 'Ljava/lang/Thread$FieldHolder;' @68  a 'java/lang/Thread$FieldHolder'{0x00000007ff972af8} (0xfff2e55f)
 - 'threadLocals' 'Ljava/lang/ThreadLocal$ThreadLocalMap;' @72  null (0x00000000)
 - 'inheritableThreadLocals' 'Ljava/lang/ThreadLocal$ThreadLocalMap;' @76  null (0x00000000)
 - private 'scopedValueBindings' 'Ljava/lang/Object;' @80  a 'java/lang/Class'{0x0000000702200390} = 'java/lang/Thread' (0xe0440072)
 - final 'interruptLock' 'Ljava/lang/Object;' @84  a 'java/lang/Object'{0x00000007ff972ae8} (0xfff2e55d)
 - private volatile 'parkBlocker' 'Ljava/lang/Object;' @88  null (0x00000000)
 - private 'nioBlocker' 'Lsun/nio/ch/Interruptible;' @92  null (0x00000000)
 - private 'cont' 'Ljdk/internal/vm/Continuation;' @96  null (0x00000000)
 - private volatile 'uncaughtExceptionHandler' 'Ljava/lang/Thread$UncaughtExceptionHandler;' @100  null (0x00000000)
 - private 'container' 'Ljdk/internal/vm/ThreadContainer;' @104  null (0x00000000)
 - private volatile 'headStackableScopes' 'Ljdk/internal/vm/StackableScope;' @108  null (0x00000000)
R10=0x00007ffd86649fb0 jvm.dll
R11=0x0000000000000026 is an unknown value
R12=0x000000d95c1ff160 is pointing into the stack for thread: 0x000002c63aaf4490
R13=0x000002c6005b7f40 points into unknown readable memory: 0x00007ffd865ba510 | 10 a5 5b 86 fd 7f 00 00
R14=0x000002c63aaf4858 points into unknown readable memory: 0x00007ffd865b17b0 | b0 17 5b 86 fd 7f 00 00
R15=0x000002c63aaf4858 points into unknown readable memory: 0x00007ffd865b17b0 | b0 17 5b 86 fd 7f 00 00

Top of Stack: (sp=0x000000d95c1feff0)
0x000000d95c1feff0:   000000d95c1ff160 000002c600214d10   `..\.....M!.....
0x000000d95c1ff000:   0000000000000000 000002c63aaf4be0   .........K.:....
0x000000d95c1ff010:   000000000000003a 00007ffd892d2b9b   :........+-.....
0x000000d95c1ff020:   0000000000000000 000002c63aaf4858   ........XH.:....
0x000000d95c1ff030:   000000d95c1ff101 0000000000000000   ...\............
0x000000d95c1ff040:   000002c602d44880 00007ffd892d17f4   .H........-.....
0x000000d95c1ff050:   0000000000000000 000000000000003a   ........:.......
0x000000d95c1ff060:   0000000000000000 000000000000003a   ........:.......
0x000000d95c1ff070:   0000001f00000002 000002c602d3beb0   ................
0x000000d95c1ff080:   000002c602d44880 000002c602d44968   .H......hI......
0x000000d95c1ff090:   000002c602d4497c 0000000000001d64   |I......d.......
0x000000d95c1ff0a0:   0000000000000000 0000000000000000   ................
0x000000d95c1ff0b0:   0000000000000000 00007ffd85e157d4   .........W......
0x000000d95c1ff0c0:   00007ffd89414ca0 0000000000006b64   .LA.....dk......
0x000000d95c1ff0d0:   00007ffd89414ca0 00000000ffffffff   .LA.............
0x000000d95c1ff0e0:   0000000000000000 00007ffd892d206a   ........j -.....
0x000000d95c1ff0f0:   000002c63aaf4858 0000000000000000   XH.:............
0x000000d95c1ff100:   000000d95c1ff169 000002c6005b7f40   i..\....@.[.....
0x000000d95c1ff110:   0000000000000004 0000000000000048   ........H.......
0x000000d95c1ff120:   0000000800800310 0000000000000020   ........ .......
0x000000d95c1ff130:   000002c63aaf4858 00007ffd89414ca0   XH.:.....LA.....
0x000000d95c1ff140:   000002c63a1105b0 000002c602b23c30   ...:....0<......
0x000000d95c1ff150:   0000000800800390 000002c63aaf4858   ........XH.:....
0x000000d95c1ff160:   000002c63ac505f0 000002c63ac50d30   ...:....0..:....
0x000000d95c1ff170:   000002c63ac50d30 00007ffd89414ca0   0..:.....LA.....
0x000000d95c1ff180:   000002c6002c7938 000000d95c1ff2f8   8y,........\....
0x000000d95c1ff190:   000000d95c1ff430 0000000000008840   0..\....@.......
0x000000d95c1ff1a0:   000000d95c1ff610 00007ffd89414cf0   ...\.....LA.....
0x000000d95c1ff1b0:   0000000000989680 0000000000989680   ................
0x000000d95c1ff1c0:   000000d95c1ff2d0 00007ffd892ccc21   ...\....!.,.....
0x000000d95c1ff1d0:   00007ffd89414ca0 00007ffd89414cf8   .LA......LA.....
0x000000d95c1ff1e0:   00007ffd00000000 00007ffd00000001   ................

Instructions: (pc=0x00007ffd892d26c4)
  0x00007ffd892d25c4:   cc cc cc cc cc cc cc cc cc cc cc cc cc cc cc cc
  0x00007ffd892d25d4:   cc cc cc cc cc cc cc cc cc cc cc cc cc cc cc cc
  0x00007ffd892d25e4:   cc cc cc cc cc cc cc cc cc cc cc cc cc cc cc cc
  0x00007ffd892d25f4:   cc cc cc cc cc cc cc cc cc cc cc cc cc cc cc cc
  0x00007ffd892d2604:   cc cc cc cc cc cc cc cc cc cc cc cc cc cc cc cc
  0x00007ffd892d2614:   cc cc cc cc cc cc cc cc cc cc cc cc cc cc cc cc
  0x00007ffd892d2624:   cc cc cc cc cc cc cc cc cc cc cc cc cc cc cc cc
  0x00007ffd892d2634:   cc cc cc cc cc cc cc cc cc cc cc cc cc cc cc cc
  0x00007ffd892d2644:   cc cc cc cc cc cc cc cc cc cc cc cc 40 57 48 83
  0x00007ffd892d2654:   ec 20 48 8b f9 48 8b 0d 10 28 14 00 48 85 c9 74
  0x00007ffd892d2664:   20 48 8b 01 48 8d 54 24 38 41 b8 06 00 01 00 4c
  0x00007ffd892d2674:   8b 48 30 41 ff d1 85 c0 75 07 48 8b 4c 24 38 eb
  0x00007ffd892d2684:   02 33 c9 4c 8b 05 ea 28 14 00 48 89 5c 24 30 4d
  0x00007ffd892d2694:   85 c0 74 4a 48 8b 01 48 8b d7 4c 8b 88 28 03 00
  0x00007ffd892d26a4:   00 41 ff d1 48 85 c0 74 35 48 63 0d f8 e6 13 00
  0x00007ffd892d26b4:   48 8b 14 01 48 85 d2 74 15 48 63 05 fc e6 13 00
=>0x00007ffd892d26c4:   8b 04 10 48 8b 5c 24 30 48 83 c4 20 5f c3 b8 ff
  0x00007ffd892d26d4:   ff ff ff 48 8b 5c 24 30 48 83 c4 20 5f c3 80 3d
  0x00007ffd892d26e4:   9b 27 14 00 00 bb ff ff ff ff 74 20 4c 8b 0d 31
  0x00007ffd892d26f4:   24 14 00 4c 8d 44 24 38 48 8b 0d 15 24 14 00 48
  0x00007ffd892d2704:   8b d7 41 ff d1 85 c0 0f 44 5c 24 38 8b c3 48 8b
  0x00007ffd892d2714:   5c 24 30 48 83 c4 20 5f c3 cc cc cc cc cc cc cc
  0x00007ffd892d2724:   cc cc cc cc cc cc cc cc cc cc cc cc cc cc cc cc
  0x00007ffd892d2734:   cc cc cc cc cc cc cc cc cc cc cc cc cc cc cc cc
  0x00007ffd892d2744:   cc cc cc cc cc cc cc cc cc cc cc cc 48 89 54 24
  0x00007ffd892d2754:   10 53 55 56 57 41 56 41 57 48 83 ec 28 48 8b f2
  0x00007ffd892d2764:   4c 8b f1 48 89 4c 24 78 45 33 ff 44 89 7c 24 68
  0x00007ffd892d2774:   c7 44 24 60 01 00 00 00 48 8d 4c 24 68 e8 ed 42
  0x00007ffd892d2784:   f7 ff 8b d8 48 8d 4c 24 60 e8 e1 42 f7 ff 8b e8
  0x00007ffd892d2794:   49 8b ce e8 00 fc f6 ff 48 8b f8 90 8b c3 f0 0f
  0x00007ffd892d27a4:   b1 2f 74 04 f3 90 eb f4 4c 89 3e 4c 89 7e 08 4c
  0x00007ffd892d27b4:   89 7e 10 49 8b 6e 08 4d 8b 76 10 49 3b ee 0f 84


Stack slot to memory mapping:

stack at sp + 0 slots: 0x000000d95c1ff160 is pointing into the stack for thread: 0x000002c63aaf4490
stack at sp + 1 slots: 0x000002c600214d10 points into unknown readable memory: 0x00000007ffc0ac40 | 40 ac c0 ff 07 00 00 00
stack at sp + 2 slots: 0x0 is null
stack at sp + 3 slots: 0x000002c63aaf4be0 points into unknown readable memory: 0x6e616c2e6176616a | 6a 61 76 61 2e 6c 61 6e
stack at sp + 4 slots: 0x000000000000003a is an unknown value
stack at sp + 5 slots: 0x00007ffd892d2b9b libasyncProfiler.dll
stack at sp + 6 slots: 0x0 is null
stack at sp + 7 slots: 0x000002c63aaf4858 points into unknown readable memory: 0x00007ffd865b17b0 | b0 17 5b 86 fd 7f 00 00

Lock stack of current Java thread (top to bottom):


---------------  P R O C E S S  ---------------

Threads class SMR info:
_java_thread_list=0x000002c602d16bf0, length=36, elements={
0x000002c63a25c930, 0x000002c63a25d270, 0x000002c63a25e6e0, 0x000002c63aaf4490,
0x000002c63aaf4fc0, 0x000002c63aafdb00, 0x000002c63ab01d50, 0x000002c63ac47130,
0x000002c60018e550, 0x000002c60018ee50, 0x000002c6007cbdd0, 0x000002c600b7a280,
0x000002c600b55de0, 0x000002c600cf1710, 0x000002c600f572c0, 0x000002c600f56420,
0x000002c600f56b70, 0x000002c600f57a10, 0x000002c600f58160, 0x000002c602b00330,
0x000002c602afed40, 0x000002c602afe5f0, 0x000002c602aff490, 0x000002c602afdea0,
0x000002c602affbe0, 0x000002c602afd750, 0x000002c602b00a80, 0x000002c602b8b550,
0x000002c602b8bca0, 0x000002c602b8c3f0, 0x000002c602b8d290, 0x000002c602b8ae00,
0x000002c602b8fe70, 0x000002c6047f36d0, 0x000002c604821730, 0x000002c602b90d10
}

Java Threads: ( => current thread )
  0x000002c63a25c930 JavaThread "Reference Handler"          daemon [_thread_blocked, id=39808, stack(0x000000d95be00000,0x000000d95bf00000) (1024K)]
  0x000002c63a25d270 JavaThread "Finalizer"                  daemon [_thread_blocked, id=27756, stack(0x000000d95bf00000,0x000000d95c000000) (1024K)]
  0x000002c63a25e6e0 JavaThread "Signal Dispatcher"          daemon [_thread_blocked, id=18728, stack(0x000000d95c000000,0x000000d95c100000) (1024K)]
=>0x000002c63aaf4490 JavaThread "Attach Listener"            daemon [_thread_in_native, id=39628, stack(0x000000d95c100000,0x000000d95c200000) (1024K)]
  0x000002c63aaf4fc0 JavaThread "Service Thread"             daemon [_thread_blocked, id=32332, stack(0x000000d95c200000,0x000000d95c300000) (1024K)]
  0x000002c63aafdb00 JavaThread "Monitor Deflation Thread"   daemon [_thread_blocked, id=34708, stack(0x000000d95c300000,0x000000d95c400000) (1024K)]
  0x000002c63ab01d50 JavaThread "C1 CompilerThread0"         daemon [_thread_blocked, id=34108, stack(0x000000d95c400000,0x000000d95c500000) (1024K)]
  0x000002c63ac47130 JavaThread "Common-Cleaner"             daemon [_thread_blocked, id=34424, stack(0x000000d95c600000,0x000000d95c700000) (1024K)]
  0x000002c60018e550 JavaThread "Monitor Ctrl-Break"         daemon [_thread_in_native, id=41280, stack(0x000000d95c700000,0x000000d95c800000) (1024K)]
  0x000002c60018ee50 JavaThread "Notification Thread"        daemon [_thread_blocked, id=35004, stack(0x000000d95c800000,0x000000d95c900000) (1024K)]
  0x000002c6007cbdd0 JavaThread "RMI TCP Accept-0"           daemon [_thread_in_native, id=35788, stack(0x000000d95cb00000,0x000000d95cc00000) (1024K)]
  0x000002c600b7a280 JavaThread "RMI Scheduler(0)"           daemon [_thread_blocked, id=40036, stack(0x000000d95cd00000,0x000000d95ce00000) (1024K)]
  0x000002c600b55de0 JavaThread "JMX server connection timeout 31" daemon [_thread_blocked, id=34020, stack(0x000000d95ce00000,0x000000d95cf00000) (1024K)]
  0x000002c600cf1710 JavaThread "RMI TCP Connection(2)-192.168.1.5" daemon [_thread_in_native, id=7248, stack(0x000000d95cf00000,0x000000d95d000000) (1024K)]
  0x000002c600f572c0 JavaThread "Catalina-utility-1"                [_thread_blocked, id=25620, stack(0x000000d95db00000,0x000000d95dc00000) (1024K)]
  0x000002c600f56420 JavaThread "Catalina-utility-2"                [_thread_blocked, id=13456, stack(0x000000d95dc00000,0x000000d95dd00000) (1024K)]
  0x000002c600f56b70 JavaThread "container-0"                       [_thread_blocked, id=30440, stack(0x000000d95dd00000,0x000000d95de00000) (1024K)]
  0x000002c600f57a10 JavaThread "mysql-cj-abandoned-connection-cleanup" daemon [_thread_blocked, id=41808, stack(0x000000d95de00000,0x000000d95df00000) (1024K)]
  0x000002c600f58160 JavaThread "HikariPool-1:housekeeper"   daemon [_thread_blocked, id=34044, stack(0x000000d95e000000,0x000000d95e100000) (1024K)]
  0x000002c602b00330 JavaThread "http-nio-8080-exec-1"       daemon [_thread_blocked, id=41836, stack(0x000000d95e200000,0x000000d95e300000) (1024K)]
  0x000002c602afed40 JavaThread "http-nio-8080-exec-2"       daemon [_thread_blocked, id=12344, stack(0x000000d95e300000,0x000000d95e400000) (1024K)]
  0x000002c602afe5f0 JavaThread "http-nio-8080-exec-3"       daemon [_thread_blocked, id=26360, stack(0x000000d95e400000,0x000000d95e500000) (1024K)]
  0x000002c602aff490 JavaThread "http-nio-8080-exec-4"       daemon [_thread_blocked, id=34364, stack(0x000000d95e500000,0x000000d95e600000) (1024K)]
  0x000002c602afdea0 JavaThread "http-nio-8080-exec-5"       daemon [_thread_blocked, id=21464, stack(0x000000d95e600000,0x000000d95e700000) (1024K)]
  0x000002c602affbe0 JavaThread "http-nio-8080-exec-6"       daemon [_thread_blocked, id=40092, stack(0x000000d95e700000,0x000000d95e800000) (1024K)]
  0x000002c602afd750 JavaThread "http-nio-8080-exec-7"       daemon [_thread_blocked, id=31644, stack(0x000000d95e800000,0x000000d95e900000) (1024K)]
  0x000002c602b00a80 JavaThread "http-nio-8080-exec-8"       daemon [_thread_blocked, id=35164, stack(0x000000d95e900000,0x000000d95ea00000) (1024K)]
  0x000002c602b8b550 JavaThread "http-nio-8080-exec-9"       daemon [_thread_blocked, id=34328, stack(0x000000d95ea00000,0x000000d95eb00000) (1024K)]
  0x000002c602b8bca0 JavaThread "http-nio-8080-exec-10"      daemon [_thread_blocked, id=19148, stack(0x000000d95eb00000,0x000000d95ec00000) (1024K)]
  0x000002c602b8c3f0 JavaThread "http-nio-8080-Poller"       daemon [_thread_in_native, id=31500, stack(0x000000d95ec00000,0x000000d95ed00000) (1024K)]
  0x000002c602b8d290 JavaThread "http-nio-8080-Acceptor"     daemon [_thread_in_native, id=41872, stack(0x000000d95ed00000,0x000000d95ee00000) (1024K)]
  0x000002c602b8ae00 JavaThread "DestroyJavaVM"                     [_thread_blocked, id=20132, stack(0x000000d95b600000,0x000000d95b700000) (1024K)]
  0x000002c602b8fe70 JavaThread "JFR Recorder Thread"        daemon [_thread_in_native, id=41300, stack(0x000000d95b300000,0x000000d95b400000) (1024K)]
  0x000002c6047f36d0 JavaThread "C1 CompilerThread1"         daemon [_thread_blocked, id=33008, stack(0x000000d95b400000,0x000000d95b500000) (1024K)]
  0x000002c604821730 JavaThread "C1 CompilerThread2"         daemon [_thread_blocked, id=34276, stack(0x000000d95b500000,0x000000d95b600000) (1024K)]
  0x000002c602b90d10 JavaThread "JFR Periodic Tasks"         daemon [_thread_blocked, id=7524, stack(0x000000d95ca00000,0x000000d95cb00000) (1024K)]
Total: 36

Other Threads:
  0x000002c63a24dde0 VMThread "VM Thread"                           [id=25404, stack(0x000000d95bd00000,0x000000d95be00000) (1024K)]
  0x000002c63a119aa0 WatcherThread "VM Periodic Task Thread"        [id=18904, stack(0x000000d95bc00000,0x000000d95bd00000) (1024K)]
  0x000002c6271a5f10 WorkerThread "GC Thread#0"                     [id=27428, stack(0x000000d95b700000,0x000000d95b800000) (1024K)]
  0x000002c600eaf160 WorkerThread "GC Thread#1"                     [id=42032, stack(0x000000d95d000000,0x000000d95d100000) (1024K)]
  0x000002c600f02d70 WorkerThread "GC Thread#2"                     [id=34872, stack(0x000000d95d100000,0x000000d95d200000) (1024K)]
  0x000002c600f4deb0 WorkerThread "GC Thread#3"                     [id=19424, stack(0x000000d95d200000,0x000000d95d300000) (1024K)]
  0x000002c600f48ad0 WorkerThread "GC Thread#4"                     [id=26220, stack(0x000000d95d300000,0x000000d95d400000) (1024K)]
  0x000002c600f128a0 WorkerThread "GC Thread#5"                     [id=41228, stack(0x000000d95d400000,0x000000d95d500000) (1024K)]
  0x000002c600f31190 WorkerThread "GC Thread#6"                     [id=41020, stack(0x000000d95d500000,0x000000d95d600000) (1024K)]
  0x000002c600f3ac70 WorkerThread "GC Thread#7"                     [id=42880, stack(0x000000d95d600000,0x000000d95d700000) (1024K)]
  0x000002c600f2b740 WorkerThread "GC Thread#8"                     [id=29132, stack(0x000000d95d700000,0x000000d95d800000) (1024K)]
  0x000002c600f2baf0 WorkerThread "GC Thread#9"                     [id=25676, stack(0x000000d95d800000,0x000000d95d900000) (1024K)]
  0x000002c6271bc300 ConcurrentGCThread "G1 Main Marker"            [id=34856, stack(0x000000d95b800000,0x000000d95b900000) (1024K)]
  0x000002c6271bd4c0 WorkerThread "G1 Conc#0"                       [id=26968, stack(0x000000d95b900000,0x000000d95ba00000) (1024K)]
  0x000002c600f2a120 WorkerThread "G1 Conc#1"                       [id=13180, stack(0x000000d95d900000,0x000000d95da00000) (1024K)]
  0x000002c6016a5aa0 WorkerThread "G1 Conc#2"                       [id=38188, stack(0x000000d95da00000,0x000000d95db00000) (1024K)]
  0x000002c63a1044b0 ConcurrentGCThread "G1 Refine#0"               [id=21512, stack(0x000000d95ba00000,0x000000d95bb00000) (1024K)]
  0x000002c63a104ce0 ConcurrentGCThread "G1 Service"                [id=8844, stack(0x000000d95bb00000,0x000000d95bc00000) (1024K)]
Total: 18

Threads with active compile tasks:
Total: 0

VM state: not at safepoint (normal execution)

VM Mutex/Monitor currently owned by a thread: None

Heap address: 0x0000000701e00000, size: 4066 MB, Compressed Oops mode: Zero based, Oop shift amount: 3

CDS archive(s) mapped at: [0x000002c63b000000-0x000002c63bd40000-0x000002c63bd40000), size 13893632, SharedBaseAddress: 0x000002c63b000000, ArchiveRelocationMode: 1.
Compressed class space mapped at: 0x000002c63c000000-0x000002c67c000000, reserved size: 1073741824
UseCompressedClassPointers 1, UseCompactObjectHeaders 0
Narrow klass pointer bits 32, Max shift 3
Narrow klass base: 0x000002c63b000000, Narrow klass shift: 0
Encoding Range: [0x000002c63b000000 - 0x000002c73b000000), (4294967296 bytes)
Klass Range:    [0x000002c63b000000 - 0x000002c67c000000), (1090519040 bytes)
Klass ID Range:  [8 - 1090519033) (1090519025)

GC Precious Log:
 CardTable entry size: 512
 Card Set container configuration: InlinePtr #cards 4 size 8 Array Of Cards #cards 16 size 48 Howl #buckets 8 coarsen threshold 3686 Howl Bitmap #cards 512 size 80 coarsen threshold 460 Card regions per heap region 1 cards per card region 4096
 CPUs: 12 total, 12 available
 Memory: 16260M
 Large Page Support: Disabled
 NUMA Support: Disabled
 Compressed Oops: Enabled (Zero based)
 Heap Region Size: 2M
 Heap Min Capacity: 8M
 Heap Initial Capacity: 256M
 Heap Max Capacity: 4066M
 Pre-touch: Disabled
 Parallel Workers: 10
 Concurrent Workers: 3
 Concurrent Refinement Workers: 10
 Periodic GC: Disabled

Heap:
 garbage-first heap   total reserved 4163584K, committed 75776K, used 57884K [0x0000000701e00000, 0x0000000800000000)
  region size 2048K, 14 young (28672K), 2 survivors (4096K)
 Metaspace       used 72217K, committed 72896K, reserved 1114112K
  class space    used 8129K, committed 8384K, reserved 1048576K

Heap Regions: E=young(eden), S=young(survivor), O=old, HS=humongous(starts), HC=humongous(continues), CS=collection set, F=free, TAMS=top-at-mark-start, PB=parsable bottom
|   0|0x0000000701e00000, 0x0000000702000000, 0x0000000702000000|100%| O|  |TAMS 0x0000000701e00000| PB 0x0000000701e00000| Untracked |  0
|   1|0x0000000702000000, 0x0000000702200000, 0x0000000702200000|100%| O|  |TAMS 0x0000000702000000| PB 0x0000000702000000| Untracked |  0
|   2|0x0000000702200000, 0x0000000702400000, 0x0000000702400000|100%| O|  |TAMS 0x0000000702200000| PB 0x0000000702200000| Untracked |  0
|   3|0x0000000702400000, 0x0000000702600000, 0x0000000702600000|100%| O|  |TAMS 0x0000000702400000| PB 0x0000000702400000| Untracked |  0
|   4|0x0000000702600000, 0x0000000702800000, 0x0000000702800000|100%| O|  |TAMS 0x0000000702600000| PB 0x0000000702600000| Untracked |  0
|   5|0x0000000702800000, 0x0000000702a00000, 0x0000000702a00000|100%| O|  |TAMS 0x0000000702800000| PB 0x0000000702800000| Untracked |  0
|   6|0x0000000702a00000, 0x0000000702c00000, 0x0000000702c00000|100%| O|  |TAMS 0x0000000702a00000| PB 0x0000000702a00000| Untracked |  0
|   7|0x0000000702c00000, 0x0000000702e00000, 0x0000000702e00000|100%| O|  |TAMS 0x0000000702c00000| PB 0x0000000702c00000| Untracked |  0
|   8|0x0000000702e00000, 0x0000000703000000, 0x0000000703000000|100%| O|  |TAMS 0x0000000702e00000| PB 0x0000000702e00000| Untracked |  0
|   9|0x0000000703000000, 0x0000000703200000, 0x0000000703200000|100%| O|  |TAMS 0x0000000703000000| PB 0x0000000703000000| Untracked |  0
|  10|0x0000000703200000, 0x0000000703400000, 0x0000000703400000|100%| O|  |TAMS 0x0000000703200000| PB 0x0000000703200000| Untracked |  0
|  11|0x0000000703400000, 0x0000000703600000, 0x0000000703600000|100%| O|  |TAMS 0x0000000703400000| PB 0x0000000703400000| Untracked |  0
|  12|0x0000000703600000, 0x00000007037c9460, 0x0000000703800000| 89%| O|  |TAMS 0x0000000703600000| PB 0x0000000703600000| Untracked |  0
|  13|0x0000000703800000, 0x0000000703800000, 0x0000000703a00000|  0%| F|  |TAMS 0x0000000703800000| PB 0x0000000703800000| Untracked |  0
|  14|0x0000000703a00000, 0x0000000703a00000, 0x0000000703c00000|  0%| F|  |TAMS 0x0000000703a00000| PB 0x0000000703a00000| Untracked |  0
|  15|0x0000000703c00000, 0x0000000703e00000, 0x0000000703e00000|100%| O|  |TAMS 0x0000000703c00000| PB 0x0000000703c00000| Untracked |  0
|  16|0x0000000703e00000, 0x0000000703e00000, 0x0000000704000000|  0%| F|  |TAMS 0x0000000703e00000| PB 0x0000000703e00000| Untracked |  0
|  17|0x0000000704000000, 0x0000000704000000, 0x0000000704200000|  0%| F|  |TAMS 0x0000000704000000| PB 0x0000000704000000| Untracked |  0
|  18|0x0000000704200000, 0x0000000704200000, 0x0000000704400000|  0%| F|  |TAMS 0x0000000704200000| PB 0x0000000704200000| Untracked |  0
|  19|0x0000000704400000, 0x00000007044bded0, 0x0000000704600000| 37%| S|CS|TAMS 0x0000000704400000| PB 0x0000000704400000| Complete |  0
|  20|0x0000000704600000, 0x0000000704800000, 0x0000000704800000|100%| S|CS|TAMS 0x0000000704600000| PB 0x0000000704600000| Complete |  0
|  21|0x0000000704800000, 0x0000000704800000, 0x0000000704a00000|  0%| F|  |TAMS 0x0000000704800000| PB 0x0000000704800000| Untracked |  0
|  22|0x0000000704a00000, 0x0000000704b7c558, 0x0000000704c00000| 74%| E|  |TAMS 0x0000000704a00000| PB 0x0000000704a00000| Complete |  0
|  23|0x0000000704c00000, 0x0000000704e00000, 0x0000000704e00000|100%| E|CS|TAMS 0x0000000704c00000| PB 0x0000000704c00000| Complete |  0
|  24|0x0000000704e00000, 0x0000000705000000, 0x0000000705000000|100%| E|CS|TAMS 0x0000000704e00000| PB 0x0000000704e00000| Complete |  0
|  25|0x0000000705000000, 0x0000000705200000, 0x0000000705200000|100%| E|CS|TAMS 0x0000000705000000| PB 0x0000000705000000| Complete |  0
|  95|0x000000070dc00000, 0x000000070de00000, 0x000000070de00000|100%| E|CS|TAMS 0x000000070dc00000| PB 0x000000070dc00000| Complete |  0
|  96|0x000000070de00000, 0x000000070e000000, 0x000000070e000000|100%| E|CS|TAMS 0x000000070de00000| PB 0x000000070de00000| Complete |  0
|  97|0x000000070e000000, 0x000000070e200000, 0x000000070e200000|100%| E|  |TAMS 0x000000070e000000| PB 0x000000070e000000| Complete |  0
|  98|0x000000070e200000, 0x000000070e400000, 0x000000070e400000|100%| E|CS|TAMS 0x000000070e200000| PB 0x000000070e200000| Complete |  0
|  99|0x000000070e400000, 0x000000070e600000, 0x000000070e600000|100%| E|CS|TAMS 0x000000070e400000| PB 0x000000070e400000| Complete |  0
| 100|0x000000070e600000, 0x000000070e800000, 0x000000070e800000|100%| E|CS|TAMS 0x000000070e600000| PB 0x000000070e600000| Complete |  0
| 127|0x0000000711c00000, 0x0000000711e00000, 0x0000000711e00000|100%| E|CS|TAMS 0x0000000711c00000| PB 0x0000000711c00000| Complete |  0
|2029|0x00000007ff800000, 0x00000007ffa00000, 0x00000007ffa00000|100%| O|  |TAMS 0x00000007ff800000| PB 0x00000007ff800000| Untracked |  0
|2030|0x00000007ffa00000, 0x00000007ffc00000, 0x00000007ffc00000|100%| O|  |TAMS 0x00000007ffa00000| PB 0x00000007ffa00000| Untracked |  0
|2031|0x00000007ffc00000, 0x00000007ffe00000, 0x00000007ffe00000|100%| O|  |TAMS 0x00000007ffc00000| PB 0x00000007ffc00000| Untracked |  0
|2032|0x00000007ffe00000, 0x0000000800000000, 0x0000000800000000|100%| E|CS|TAMS 0x00000007ffe00000| PB 0x00000007ffe00000| Complete |  0

Card table byte_map: [0x000002c633620000,0x000002c633e20000] _byte_map_base: 0x000002c62fe11000

Marking Bits: (CMBitMap*) 0x000002c6271a6d40
 Bits: [0x000002c633e20000, 0x000002c637da8000)

Polling page: 0x000002c624f80000

Metaspace:

Usage:
  Non-class:     62.59 MB used.
      Class:      7.94 MB used.
       Both:     70.52 MB used.

Virtual space:
  Non-class space:       64.00 MB reserved,      63.00 MB ( 98%) committed,  1 nodes.
      Class space:        1.00 GB reserved,       8.19 MB ( <1%) committed,  1 nodes.
             Both:        1.06 GB reserved,      71.19 MB (  7%) committed. 

Chunk freelists:
   Non-Class:  848.00 KB
       Class:  7.71 MB
        Both:  8.54 MB

MaxMetaspaceSize: unlimited
CompressedClassSpaceSize: 1.00 GB
Initial GC threshold: 21.00 MB
Current GC threshold: 98.44 MB
CDS: on
 - commit_granule_bytes: 65536.
 - commit_granule_words: 8192.
 - virtual_space_node_default_size: 8388608.
 - enlarge_chunks_in_place: 1.
UseCompressedClassPointers 1, UseCompactObjectHeaders 0
Narrow klass pointer bits 32, Max shift 3
Narrow klass base: 0x000002c63b000000, Narrow klass shift: 0
Encoding Range: [0x000002c63b000000 - 0x000002c73b000000), (4294967296 bytes)
Klass Range:    [0x000002c63b000000 - 0x000002c67c000000), (1090519040 bytes)
Klass ID Range:  [8 - 1090519033) (1090519025)


Internal statistics:

num_allocs_failed_limit: 9.
num_arena_births: 940.
num_arena_deaths: 0.
num_vsnodes_births: 2.
num_vsnodes_deaths: 0.
num_space_committed: 1139.
num_space_uncommitted: 0.
num_chunks_returned_to_freelist: 9.
num_chunks_taken_from_freelist: 3316.
num_chunk_merges: 9.
num_chunk_splits: 2418.
num_chunks_enlarged: 1938.
num_inconsistent_stats: 0.

CodeCache: size=49152Kb used=12359Kb max_used=12359Kb free=36792Kb
 bounds [0x000002c62f9d0000, 0x000002c6305f0000, 0x000002c6329d0000]
 total_blobs=8885, nmethods=8131, adapters=677, full_count=0
Compilation: enabled, stopped_count=0, restarted_count=0

Compilation events (20 events):
Event: 111.376 Thread 0x000002c604821730 nmethod 8193 0x000002c62fd14988 code [0x000002c62fd14a80, 0x000002c62fd14b48]
Event: 111.376 Thread 0x000002c6047f36d0 nmethod 8194 0x000002c6305dfa88 code [0x000002c6305dfb80, 0x000002c6305dfc48]
Event: 111.377 Thread 0x000002c63ab01d50 8202   !   1       jdk.jfr.internal.Control::setValue (102 bytes)
Event: 111.377 Thread 0x000002c604821730 8196       1       jdk.jfr.internal.Logger::shouldLog (17 bytes)
Event: 111.377 Thread 0x000002c6047f36d0 8195       1       jdk.jfr.internal.settings.BooleanSetting::getValue (5 bytes)
Event: 111.377 Thread 0x000002c6047f36d0 nmethod 8195 0x000002c6305dfd88 code [0x000002c6305dfe80, 0x000002c6305dff48]
Event: 111.377 Thread 0x000002c604821730 nmethod 8196 0x000002c6305e0088 code [0x000002c6305e01a0, 0x000002c6305e0268]
Event: 111.377 Thread 0x000002c6047f36d0 8201       1       jdk.jfr.internal.PlatformEventType::isEnabled (5 bytes)
Event: 111.377 Thread 0x000002c604821730 8198       1       jdk.jfr.internal.EventControl::getEventType (5 bytes)
Event: 111.377 Thread 0x000002c6047f36d0 nmethod 8201 0x000002c6305e0388 code [0x000002c6305e0480, 0x000002c6305e0548]
Event: 111.377 Thread 0x000002c6047f36d0 8199       1       jdk.jfr.internal.EventControl::getSettingsId (5 bytes)
Event: 111.377 Thread 0x000002c604821730 nmethod 8198 0x000002c6305e0688 code [0x000002c6305e0780, 0x000002c6305e0848]
Event: 111.377 Thread 0x000002c63ab01d50 nmethod 8202 0x000002c6305e0988 code [0x000002c6305e0b80, 0x000002c6305e1210]
Event: 111.377 Thread 0x000002c63ab01d50 8200       1       jdk.jfr.internal.EventControl::getNamedControls (5 bytes)
Event: 111.377 Thread 0x000002c63ab01d50 nmethod 8200 0x000002c6305e1288 code [0x000002c6305e1380, 0x000002c6305e1448]
Event: 111.377 Thread 0x000002c6047f36d0 nmethod 8199 0x000002c6305e1588 code [0x000002c6305e1680, 0x000002c6305e1748]
Event: 111.383 Thread 0x000002c6047f36d0 8203       1       jdk.jfr.internal.periodic.EventTask::getEventType (5 bytes)
Event: 111.383 Thread 0x000002c6047f36d0 nmethod 8203 0x000002c6305e1888 code [0x000002c6305e1980, 0x000002c6305e1a48]
Event: 111.383 Thread 0x000002c6047f36d0 8204       1       jdk.jfr.internal.periodic.PeriodicTask::getPeriod (5 bytes)
Event: 111.384 Thread 0x000002c6047f36d0 nmethod 8204 0x000002c6305e1b88 code [0x000002c6305e1c80, 0x000002c6305e1d48]

GC Heap History (20 events):
Event: 2.973 GC heap before
{Heap before GC invocations=3 (full 0):
 garbage-first heap   total reserved 4163584K, committed 61440K, used 58597K [0x0000000701e00000, 0x0000000800000000)
  region size 2048K, 27 young (55296K), 6 survivors (12288K)
 Metaspace       used 25363K, committed 25728K, reserved 1114112K
  class space    used 2729K, committed 2880K, reserved 1048576K
}
Event: 2.982 GC heap after
{Heap after GC invocations=4 (full 0):
 garbage-first heap   total reserved 4163584K, committed 75776K, used 18533K [0x0000000701e00000, 0x0000000800000000)
  region size 2048K, 4 young (8192K), 4 survivors (8192K)
 Metaspace       used 25363K, committed 25728K, reserved 1114112K
  class space    used 2729K, committed 2880K, reserved 1048576K
}
Event: 3.417 GC heap before
{Heap before GC invocations=4 (full 0):
 garbage-first heap   total reserved 4163584K, committed 75776K, used 53349K [0x0000000701e00000, 0x0000000800000000)
  region size 2048K, 21 young (43008K), 4 survivors (8192K)
 Metaspace       used 29197K, committed 29568K, reserved 1114112K
  class space    used 3253K, committed 3392K, reserved 1048576K
}
Event: 3.426 GC heap after
{Heap after GC invocations=5 (full 0):
 garbage-first heap   total reserved 4163584K, committed 75776K, used 21176K [0x0000000701e00000, 0x0000000800000000)
  region size 2048K, 2 young (4096K), 2 survivors (4096K)
 Metaspace       used 29197K, committed 29568K, reserved 1114112K
  class space    used 3253K, committed 3392K, reserved 1048576K
}
Event: 4.069 GC heap before
{Heap before GC invocations=5 (full 0):
 garbage-first heap   total reserved 4163584K, committed 75776K, used 55992K [0x0000000701e00000, 0x0000000800000000)
  region size 2048K, 19 young (38912K), 2 survivors (4096K)
 Metaspace       used 34574K, committed 35008K, reserved 1114112K
  class space    used 3855K, committed 4032K, reserved 1048576K
}
Event: 4.072 GC heap after
{Heap after GC invocations=6 (full 0):
 garbage-first heap   total reserved 4163584K, committed 75776K, used 22974K [0x0000000701e00000, 0x0000000800000000)
  region size 2048K, 3 young (6144K), 3 survivors (6144K)
 Metaspace       used 34574K, committed 35008K, reserved 1114112K
  class space    used 3855K, committed 4032K, reserved 1048576K
}
Event: 4.146 GC heap before
{Heap before GC invocations=6 (full 0):
 garbage-first heap   total reserved 4163584K, committed 75776K, used 27070K [0x0000000701e00000, 0x0000000800000000)
  region size 2048K, 6 young (12288K), 3 survivors (6144K)
 Metaspace       used 35513K, committed 35968K, reserved 1114112K
  class space    used 3944K, committed 4160K, reserved 1048576K
}
Event: 4.150 GC heap after
{Heap after GC invocations=7 (full 0):
 garbage-first heap   total reserved 4163584K, committed 75776K, used 23539K [0x0000000701e00000, 0x0000000800000000)
  region size 2048K, 2 young (4096K), 2 survivors (4096K)
 Metaspace       used 35513K, committed 35968K, reserved 1114112K
  class space    used 3944K, committed 4160K, reserved 1048576K
}
Event: 5.450 GC heap before
{Heap before GC invocations=8 (full 0):
 garbage-first heap   total reserved 4163584K, committed 75776K, used 56307K [0x0000000701e00000, 0x0000000800000000)
  region size 2048K, 19 young (38912K), 2 survivors (4096K)
 Metaspace       used 47795K, committed 48320K, reserved 1114112K
  class space    used 5299K, committed 5504K, reserved 1048576K
}
Event: 5.453 GC heap after
{Heap after GC invocations=9 (full 0):
 garbage-first heap   total reserved 4163584K, committed 75776K, used 26670K [0x0000000701e00000, 0x0000000800000000)
  region size 2048K, 3 young (6144K), 3 survivors (6144K)
 Metaspace       used 47795K, committed 48320K, reserved 1114112K
  class space    used 5299K, committed 5504K, reserved 1048576K
}
Event: 6.103 GC heap before
{Heap before GC invocations=9 (full 0):
 garbage-first heap   total reserved 4163584K, committed 75776K, used 61486K [0x0000000701e00000, 0x0000000800000000)
  region size 2048K, 20 young (40960K), 3 survivors (6144K)
 Metaspace       used 57389K, committed 57920K, reserved 1114112K
  class space    used 6293K, committed 6528K, reserved 1048576K
}
Event: 6.108 GC heap after
{Heap after GC invocations=10 (full 0):
 garbage-first heap   total reserved 4163584K, committed 75776K, used 29221K [0x0000000701e00000, 0x0000000800000000)
  region size 2048K, 2 young (4096K), 2 survivors (4096K)
 Metaspace       used 57389K, committed 57920K, reserved 1114112K
  class space    used 6293K, committed 6528K, reserved 1048576K
}
Event: 6.414 GC heap before
{Heap before GC invocations=10 (full 0):
 garbage-first heap   total reserved 4163584K, committed 75776K, used 55845K [0x0000000701e00000, 0x0000000800000000)
  region size 2048K, 16 young (32768K), 2 survivors (4096K)
 Metaspace       used 59766K, committed 60288K, reserved 1114112K
  class space    used 6582K, committed 6848K, reserved 1048576K
}
Event: 6.416 GC heap after
{Heap after GC invocations=11 (full 0):
 garbage-first heap   total reserved 4163584K, committed 75776K, used 29733K [0x0000000701e00000, 0x0000000800000000)
  region size 2048K, 2 young (4096K), 2 survivors (4096K)
 Metaspace       used 59766K, committed 60288K, reserved 1114112K
  class space    used 6582K, committed 6848K, reserved 1048576K
}
Event: 7.348 GC heap before
{Heap before GC invocations=12 (full 0):
 garbage-first heap   total reserved 4163584K, committed 75776K, used 64549K [0x0000000701e00000, 0x0000000800000000)
  region size 2048K, 19 young (38912K), 2 survivors (4096K)
 Metaspace       used 64928K, committed 65536K, reserved 1114112K
  class space    used 7236K, committed 7488K, reserved 1048576K
}
Event: 7.352 GC heap after
{Heap after GC invocations=13 (full 0):
 garbage-first heap   total reserved 4163584K, committed 75776K, used 32601K [0x0000000701e00000, 0x0000000800000000)
  region size 2048K, 3 young (6144K), 3 survivors (6144K)
 Metaspace       used 64928K, committed 65536K, reserved 1114112K
  class space    used 7236K, committed 7488K, reserved 1048576K
}
Event: 7.846 GC heap before
{Heap before GC invocations=13 (full 0):
 garbage-first heap   total reserved 4163584K, committed 75776K, used 63321K [0x0000000701e00000, 0x0000000800000000)
  region size 2048K, 18 young (36864K), 3 survivors (6144K)
 Metaspace       used 67939K, committed 68544K, reserved 1114112K
  class space    used 7630K, committed 7872K, reserved 1048576K
}
Event: 7.852 GC heap after
{Heap after GC invocations=14 (full 0):
 garbage-first heap   total reserved 4163584K, committed 75776K, used 34679K [0x0000000701e00000, 0x0000000800000000)
  region size 2048K, 3 young (6144K), 3 survivors (6144K)
 Metaspace       used 67939K, committed 68544K, reserved 1114112K
  class space    used 7630K, committed 7872K, reserved 1048576K
}
Event: 8.174 GC heap before
{Heap before GC invocations=14 (full 0):
 garbage-first heap   total reserved 4163584K, committed 75776K, used 61303K [0x0000000701e00000, 0x0000000800000000)
  region size 2048K, 16 young (32768K), 3 survivors (6144K)
 Metaspace       used 70415K, committed 71040K, reserved 1114112K
  class space    used 7890K, committed 8128K, reserved 1048576K
}
Event: 8.178 GC heap after
{Heap after GC invocations=15 (full 0):
 garbage-first heap   total reserved 4163584K, committed 75776K, used 37404K [0x0000000701e00000, 0x0000000800000000)
  region size 2048K, 2 young (4096K), 2 survivors (4096K)
 Metaspace       used 70415K, committed 71040K, reserved 1114112K
  class space    used 7890K, committed 8128K, reserved 1048576K
}

Dll operation events (13 events):
Event: 0.014 Loaded shared library C:\Users\ADMIN\.jdks\openjdk-24.0.1\bin\java.dll
Event: 0.167 Loaded shared library C:\Users\ADMIN\.jdks\openjdk-24.0.1\bin\zip.dll
Event: 0.171 Loaded shared library C:\Users\ADMIN\.jdks\openjdk-24.0.1\bin\instrument.dll
Event: 0.176 Loaded shared library C:\Users\ADMIN\.jdks\openjdk-24.0.1\bin\net.dll
Event: 0.179 Loaded shared library C:\Users\ADMIN\.jdks\openjdk-24.0.1\bin\nio.dll
Event: 0.183 Loaded shared library C:\Users\ADMIN\.jdks\openjdk-24.0.1\bin\zip.dll
Event: 0.316 Loaded shared library C:\Users\ADMIN\.jdks\openjdk-24.0.1\bin\jimage.dll
Event: 1.099 Loaded shared library C:\Users\ADMIN\.jdks\openjdk-24.0.1\bin\extnet.dll
Event: 1.122 Loaded shared library C:\Users\ADMIN\.jdks\openjdk-24.0.1\bin\management.dll
Event: 1.132 Loaded shared library C:\Users\ADMIN\.jdks\openjdk-24.0.1\bin\management_ext.dll
Event: 2.338 Loaded shared library C:\Users\ADMIN\.jdks\openjdk-24.0.1\bin\sunmscapi.dll
Event: 4.337 Loaded shared library C:\Users\ADMIN\.jdks\openjdk-24.0.1\bin\verify.dll
Event: 111.246 Loaded shared library C:\Users\ADMIN\AppData\Local\Temp\idea_libasyncProfiler_dll_temp_folder\libasyncProfiler.dll

Deoptimization events (0 events):
No events

Classes loaded (20 events):
Event: 111.359 Loading class jdk/jfr/internal/MetadataWriter
Event: 111.360 Loading class jdk/jfr/internal/MetadataWriter done
Event: 111.360 Loading class jdk/jfr/internal/MetadataDescriptor$Element
Event: 111.360 Loading class jdk/jfr/internal/MetadataDescriptor$Element done
Event: 111.360 Loading class jdk/jfr/internal/MetadataDescriptor$Attribute
Event: 111.360 Loading class jdk/jfr/internal/MetadataDescriptor$Attribute done
Event: 111.364 Loading class jdk/jfr/internal/consumer/StringParser$Encoding
Event: 111.365 Loading class jdk/jfr/internal/consumer/StringParser$Encoding done
Event: 111.370 Loading class jdk/jfr/internal/consumer/RepositoryFiles
Event: 111.371 Loading class jdk/jfr/internal/consumer/RepositoryFiles done
Event: 111.374 Loading class jdk/jfr/internal/SettingsManager$InternalSetting
Event: 111.374 Loading class jdk/jfr/internal/SettingsManager$InternalSetting done
Event: 111.375 Loading class jdk/jfr/internal/util/Rate
Event: 111.375 Loading class jdk/jfr/internal/util/Rate done
Event: 111.375 Loading class jdk/jfr/internal/util/TimespanUnit
Event: 111.375 Loading class jdk/jfr/internal/util/TimespanUnit done
Event: 111.376 Loading class jdk/jfr/internal/util/ValueParser
Event: 111.376 Loading class jdk/jfr/internal/util/ValueParser done
Event: 111.377 Loading class jdk/jfr/internal/periodic/PeriodicType
Event: 111.377 Loading class jdk/jfr/internal/periodic/PeriodicType done

Classes unloaded (0 events):
No events

Classes redefined (0 events):
No events

Internal exceptions (20 events):
Event: 7.129 Thread 0x000002c62713d390 Exception <a 'java/lang/NoSuchMethodError'{0x00000007051392b8}: 'int java.lang.invoke.DirectMethodHandle$Holder.invokeStaticInit(java.lang.Object, int, java.lang.Object, java.lang.Object, java.lang.Object, java.lang.Object)'> (0x00000007051392b8) 
thrown [s\open\src\hotspot\share\interpreter\linkResolver.cpp, line 805]
Event: 7.211 Thread 0x000002c62713d390 Exception <a 'java/io/FileNotFoundException'{0x0000000704b87fc8}> (0x0000000704b87fc8) 
thrown [s\open\src\hotspot\share\prims\jni.cpp, line 518]
Event: 7.212 Thread 0x000002c62713d390 Exception <a 'java/io/FileNotFoundException'{0x0000000704b91c30}> (0x0000000704b91c30) 
thrown [s\open\src\hotspot\share\prims\jni.cpp, line 518]
Event: 7.278 Thread 0x000002c62713d390 Exception <a 'java/lang/NoSuchMethodError'{0x0000000704077710}: 'java.lang.Object java.lang.invoke.DirectMethodHandle$Holder.newInvokeSpecial(java.lang.Object, java.lang.Object, java.lang.Object, java.lang.Object, java.lang.Object, java.lang.Object, java.lang.Object, java.lang.Object)'> (0x0000000704077710) 
thrown [s\open\src\hotspot\share\interpreter\linkResolver.cpp, line 805]
Event: 7.420 Thread 0x000002c62713d390 Exception <a 'java/io/IOException'{0x000000070e6c9298}> (0x000000070e6c9298) 
thrown [s\open\src\hotspot\share\prims\jni.cpp, line 518]
Event: 7.607 Thread 0x000002c62713d390 Exception <a 'java/lang/IncompatibleClassChangeError'{0x0000000704eaf058}: Found class java.lang.Object, but interface was expected> (0x0000000704eaf058) 
thrown [s\open\src\hotspot\share\interpreter\linkResolver.cpp, line 872]
Event: 7.974 Thread 0x000002c62713d390 Exception <a 'java/lang/NoSuchMethodError'{0x000000070e275a10}: 'int java.lang.invoke.DirectMethodHandle$Holder.invokeStaticInit(java.lang.Object, java.lang.Object, java.lang.Object, java.lang.Object)'> (0x000000070e275a10) 
thrown [s\open\src\hotspot\share\interpreter\linkResolver.cpp, line 805]
Event: 8.054 Thread 0x000002c62713d390 Exception <a 'java/lang/NoSuchMethodError'{0x000000070dc1f9b0}: 'java.lang.Object java.lang.invoke.DirectMethodHandle$Holder.invokeVirtual(java.lang.Object, java.lang.Object, java.lang.Object, java.lang.Object, java.lang.Object, java.lang.Object, java.lang.Object, java.lang.Object, java.lang.Object)'> (0x000000070dc1f9b0) 
thrown [s\open\src\hotspot\share\interpreter\linkResolver.cpp, line 805]
Event: 8.079 Thread 0x000002c62713d390 Exception <a 'java/lang/NoSuchMethodError'{0x000000070ddd3e90}: 'java.lang.Object java.lang.invoke.DirectMethodHandle$Holder.invokeVirtual(java.lang.Object, java.lang.Object, java.lang.Object, java.lang.Object, java.lang.Object, java.lang.Object, java.lang.Object)'> (0x000000070ddd3e90) 
thrown [s\open\src\hotspot\share\interpreter\linkResolver.cpp, line 805]
Event: 8.092 Thread 0x000002c62713d390 Exception <a 'java/lang/NoSuchMethodError'{0x0000000705100c80}: 'java.lang.Object java.lang.invoke.DirectMethodHandle$Holder.invokeVirtual(java.lang.Object, java.lang.Object, java.lang.Object, java.lang.Object, java.lang.Object, java.lang.Object, java.lang.Object, java.lang.Object, java.lang.Object, java.lang.Object)'> (0x0000000705100c80) 
thrown [s\open\src\hotspot\share\interpreter\linkResolver.cpp, line 805]
Event: 8.107 Thread 0x000002c62713d390 Exception <a 'java/lang/NoSuchMethodError'{0x0000000704e90970}: 'java.lang.Object java.lang.invoke.DirectMethodHandle$Holder.invokeStatic(java.lang.Object, java.lang.Object, java.lang.Object, java.lang.Object, java.lang.Object, java.lang.Object, java.lang.Object, java.lang.Object, java.lang.Object, java.lang.Object, java.lang.Object)'> (0x0000000704e90970) 
thrown [s\open\src\hotspot\share\interpreter\linkResolver.cpp, line 805]
Event: 8.108 Thread 0x000002c62713d390 Exception <a 'java/lang/NoSuchMethodError'{0x0000000704ec4a90}: 'java.lang.Object java.lang.invoke.DirectMethodHandle$Holder.invokeStatic(java.lang.Object, java.lang.Object, java.lang.Object, java.lang.Object, java.lang.Object, java.lang.Object, java.lang.Object, java.lang.Object, java.lang.Object, java.lang.Object, java.lang.Object, java.lang.Object)'> (0x0000000704ec4a90) 
thrown [s\open\src\hotspot\share\interpreter\linkResolver.cpp, line 805]
Event: 8.139 Thread 0x000002c62713d390 Exception <a 'java/lang/IncompatibleClassChangeError'{0x0000000704ddde10}: Found class java.lang.Object, but interface was expected> (0x0000000704ddde10) 
thrown [s\open\src\hotspot\share\interpreter\linkResolver.cpp, line 872]
Event: 8.252 Thread 0x000002c62713d390 Exception <a 'java/lang/NoSuchMethodError'{0x000000070e4a77e0}: 'java.lang.Object java.lang.invoke.DirectMethodHandle$Holder.newInvokeSpecial(java.lang.Object, java.lang.Object, int, java.lang.Object, java.lang.Object)'> (0x000000070e4a77e0) 
thrown [s\open\src\hotspot\share\interpreter\linkResolver.cpp, line 805]
Event: 8.724 Thread 0x000002c600cf1710 Exception <a 'java/lang/NoSuchMethodError'{0x000000070e3a2008}: 'java.lang.Object java.lang.invoke.DirectMethodHandle$Holder.invokeInterface(java.lang.Object, java.lang.Object, java.lang.Object, java.lang.Object, java.lang.Object, java.lang.Object, java.lang.Object)'> (0x000000070e3a2008) 
thrown [s\open\src\hotspot\share\interpreter\linkResolver.cpp, line 805]
Event: 111.349 Thread 0x000002c63aaf4490 Exception <a 'java/lang/NoSuchMethodError'{0x0000000704f6c2f0}: 'void java.lang.invoke.DirectMethodHandle$Holder.invokeSpecial(java.lang.Object, java.lang.Object, int)'> (0x0000000704f6c2f0) 
thrown [s\open\src\hotspot\share\interpreter\linkResolver.cpp, line 805]
Event: 111.349 Thread 0x000002c63aaf4490 Exception <a 'java/lang/NoSuchMethodError'{0x0000000704f73f10}: 'void java.lang.invoke.Invokers$Holder.invokeExact_MT(java.lang.Object, int, java.lang.Object)'> (0x0000000704f73f10) 
thrown [s\open\src\hotspot\share\interpreter\linkResolver.cpp, line 805]
Event: 111.353 Thread 0x000002c63aaf4490 Exception <a 'sun/nio/fs/WindowsException'{0x0000000704fd74c8}> (0x0000000704fd74c8) 
thrown [s\open\src\hotspot\share\prims\jni.cpp, line 518]
Event: 111.355 Thread 0x000002c63aaf4490 Exception <a 'sun/nio/fs/WindowsException'{0x0000000704fe4320}> (0x0000000704fe4320) 
thrown [s\open\src\hotspot\share\prims\jni.cpp, line 518]
Event: 111.357 Thread 0x000002c63aaf4490 Exception <a 'sun/nio/fs/WindowsException'{0x0000000704c0c760}> (0x0000000704c0c760) 
thrown [s\open\src\hotspot\share\prims\jni.cpp, line 518]

VM Operations (20 events):
Event: 7.479 Executing VM operation: HandshakeAllThreads (Deoptimize)
Event: 7.479 Executing VM operation: HandshakeAllThreads (Deoptimize) done
Event: 7.480 Executing VM operation: HandshakeAllThreads (Deoptimize)
Event: 7.480 Executing VM operation: HandshakeAllThreads (Deoptimize) done
Event: 7.647 Executing VM operation: HandshakeAllThreads (Deoptimize)
Event: 7.647 Executing VM operation: HandshakeAllThreads (Deoptimize) done
Event: 7.689 Executing VM operation: HandshakeAllThreads (Deoptimize)
Event: 7.689 Executing VM operation: HandshakeAllThreads (Deoptimize) done
Event: 7.846 Executing VM operation: G1CollectForAllocation (G1 Evacuation Pause)
Event: 7.852 Executing VM operation: G1CollectForAllocation (G1 Evacuation Pause) done
Event: 7.956 Executing VM operation: HandshakeAllThreads (Deoptimize)
Event: 7.956 Executing VM operation: HandshakeAllThreads (Deoptimize) done
Event: 8.174 Executing VM operation: G1CollectForAllocation (G1 Evacuation Pause)
Event: 8.178 Executing VM operation: G1CollectForAllocation (G1 Evacuation Pause) done
Event: 60.184 Executing VM operation: HandshakeAllThreads (HandshakeForDeflation)
Event: 60.184 Executing VM operation: HandshakeAllThreads (HandshakeForDeflation) done
Event: 60.184 Executing VM operation: RendezvousGCThreads
Event: 60.184 Executing VM operation: RendezvousGCThreads done
Event: 111.371 Executing VM operation: JFRSafepointClear
Event: 111.371 Executing VM operation: JFRSafepointClear done

Memory protections (0 events):
No events

Nmethod flushes (20 events):
Event: 6.432 Thread 0x000002c63a24dde0 flushing  nmethod 0x000002c6300cf608
Event: 6.432 Thread 0x000002c63a24dde0 flushing  nmethod 0x000002c630150e88
Event: 6.432 Thread 0x000002c63a24dde0 flushing  nmethod 0x000002c63019e108
Event: 6.432 Thread 0x000002c63a24dde0 flushing  nmethod 0x000002c62fe93808
Event: 6.432 Thread 0x000002c63a24dde0 flushing  nmethod 0x000002c630032188
Event: 6.432 Thread 0x000002c63a24dde0 flushing  nmethod 0x000002c630037588
Event: 6.432 Thread 0x000002c63a24dde0 flushing  nmethod 0x000002c63009d908
Event: 6.432 Thread 0x000002c63a24dde0 flushing  nmethod 0x000002c6300cde08
Event: 6.432 Thread 0x000002c63a24dde0 flushing  nmethod 0x000002c62fad1788
Event: 6.432 Thread 0x000002c63a24dde0 flushing  nmethod 0x000002c62fe2ee88
Event: 6.432 Thread 0x000002c63a24dde0 flushing  nmethod 0x000002c62ff2a788
Event: 6.432 Thread 0x000002c63a24dde0 flushing  nmethod 0x000002c630015208
Event: 6.432 Thread 0x000002c63a24dde0 flushing  nmethod 0x000002c6300bd288
Event: 6.432 Thread 0x000002c63a24dde0 flushing  nmethod 0x000002c63011d788
Event: 6.432 Thread 0x000002c63a24dde0 flushing  nmethod 0x000002c630157608
Event: 6.432 Thread 0x000002c63a24dde0 flushing  nmethod 0x000002c62ff42188
Event: 6.432 Thread 0x000002c63a24dde0 flushing  nmethod 0x000002c630002388
Event: 6.432 Thread 0x000002c63a24dde0 flushing  nmethod 0x000002c63008b788
Event: 6.432 Thread 0x000002c63a24dde0 flushing  nmethod 0x000002c62ffe3708
Event: 6.432 Thread 0x000002c63a24dde0 flushing  nmethod 0x000002c630148f88

Events (20 events):
Event: 8.257 Thread 0x000002c62713d390 Thread added: 0x000002c602b8bca0
Event: 8.266 Thread 0x000002c62713d390 Thread added: 0x000002c602b8c3f0
Event: 8.266 Thread 0x000002c62713d390 Thread added: 0x000002c602b8d290
Event: 8.279 Thread 0x000002c62713d390 Thread exited: 0x000002c62713d390
Event: 8.279 Thread 0x000002c602b8ae00 Thread added: 0x000002c602b8ae00
Event: 8.716 Thread 0x000002c6007f6e40 Thread added: 0x000002c602b8f720
Event: 8.720 Thread 0x000002c602b8f720 Thread exited: 0x000002c602b8f720
Event: 8.720 Thread 0x000002c600cf1710 Thread added: 0x000002c602b8e880
Event: 8.727 Thread 0x000002c602b8e880 Thread exited: 0x000002c602b8e880
Event: 8.728 Thread 0x000002c600cf1710 Thread added: 0x000002c602b8fe70
Event: 8.733 Thread 0x000002c602b8fe70 Thread exited: 0x000002c602b8fe70
Event: 9.332 Thread 0x000002c600787410 Thread exited: 0x000002c600787410
Event: 10.777 Thread 0x000002c600f54e30 Thread exited: 0x000002c600f54e30
Event: 11.388 Thread 0x000002c600784c70 Thread exited: 0x000002c600784c70
Event: 11.389 Thread 0x000002c63aba3350 Thread exited: 0x000002c63aba3350
Event: 91.430 Thread 0x000002c6007f6e40 Thread exited: 0x000002c6007f6e40
Event: 111.295 Thread 0x000002c63aaf4490 Thread added: 0x000002c602b8fe70
Event: 111.327 Thread 0x000002c63ab01d50 Thread added: 0x000002c6047f36d0
Event: 111.347 Thread 0x000002c63ab01d50 Thread added: 0x000002c604821730
Event: 111.351 Thread 0x000002c63aaf4490 Thread added: 0x000002c602b90d10


Dynamic libraries:
0x00007ff773960000 - 0x00007ff77396e000 	C:\Users\ADMIN\.jdks\openjdk-24.0.1\bin\java.exe
0x00007ffdee8e0000 - 0x00007ffdeeb48000 	C:\WINDOWS\SYSTEM32\ntdll.dll
0x00007ffdedb00000 - 0x00007ffdedbc9000 	C:\WINDOWS\System32\KERNEL32.DLL
0x00007ffdebbb0000 - 0x00007ffdebf9d000 	C:\WINDOWS\System32\KERNELBASE.dll
0x00007ffdec230000 - 0x00007ffdec37b000 	C:\WINDOWS\System32\ucrtbase.dll
0x00007ffdcca00000 - 0x00007ffdcca16000 	C:\Users\ADMIN\.jdks\openjdk-24.0.1\bin\jli.dll
0x00007ffdaa8a0000 - 0x00007ffdaa8bb000 	C:\Users\ADMIN\.jdks\openjdk-24.0.1\bin\VCRUNTIME140.dll
0x00007ffdee260000 - 0x00007ffdee42c000 	C:\WINDOWS\System32\USER32.dll
0x00007ffdd2de0000 - 0x00007ffdd307a000 	C:\WINDOWS\WinSxS\amd64_microsoft.windows.common-controls_6595b64144ccf1df_6.0.26100.4484_none_3e0e6d4ce32ef3b3\COMCTL32.dll
0x00007ffdec380000 - 0x00007ffdec3a7000 	C:\WINDOWS\System32\win32u.dll
0x00007ffdee730000 - 0x00007ffdee7d9000 	C:\WINDOWS\System32\msvcrt.dll
0x00007ffdee5c0000 - 0x00007ffdee5eb000 	C:\WINDOWS\System32\GDI32.dll
0x00007ffdebfa0000 - 0x00007ffdec0d7000 	C:\WINDOWS\System32\gdi32full.dll
0x00007ffdec3b0000 - 0x00007ffdec453000 	C:\WINDOWS\System32\msvcp_win.dll
0x00007ffdecff0000 - 0x00007ffded01f000 	C:\WINDOWS\System32\IMM32.DLL
0x00007ffdae4a0000 - 0x00007ffdae4ac000 	C:\Users\ADMIN\.jdks\openjdk-24.0.1\bin\vcruntime140_1.dll
0x00007ffd94d60000 - 0x00007ffd94dee000 	C:\Users\ADMIN\.jdks\openjdk-24.0.1\bin\msvcp140.dll
0x00007ffd85980000 - 0x00007ffd86722000 	C:\Users\ADMIN\.jdks\openjdk-24.0.1\bin\server\jvm.dll
0x00007ffdee7e0000 - 0x00007ffdee894000 	C:\WINDOWS\System32\ADVAPI32.dll
0x00007ffded270000 - 0x00007ffded316000 	C:\WINDOWS\System32\sechost.dll
0x00007ffdec680000 - 0x00007ffdec798000 	C:\WINDOWS\System32\RPCRT4.dll
0x00007ffdee610000 - 0x00007ffdee684000 	C:\WINDOWS\System32\WS2_32.dll
0x00007ffdeb880000 - 0x00007ffdeb8de000 	C:\WINDOWS\SYSTEM32\POWRPROF.dll
0x00007ffde3710000 - 0x00007ffde371b000 	C:\WINDOWS\SYSTEM32\VERSION.dll
0x00007ffddbbc0000 - 0x00007ffddbbf5000 	C:\WINDOWS\SYSTEM32\WINMM.dll
0x00007ffdeb860000 - 0x00007ffdeb874000 	C:\WINDOWS\SYSTEM32\UMPDC.dll
0x00007ffdea7e0000 - 0x00007ffdea7fb000 	C:\WINDOWS\SYSTEM32\kernel.appcore.dll
0x00007ffdad7d0000 - 0x00007ffdad7da000 	C:\Users\ADMIN\.jdks\openjdk-24.0.1\bin\jimage.dll
0x00007ffde8e90000 - 0x00007ffde90d1000 	C:\WINDOWS\SYSTEM32\DBGHELP.DLL
0x00007ffded320000 - 0x00007ffded6a6000 	C:\WINDOWS\System32\combase.dll
0x00007ffded8a0000 - 0x00007ffded980000 	C:\WINDOWS\System32\OLEAUT32.dll
0x00007ffdc9db0000 - 0x00007ffdc9df3000 	C:\WINDOWS\SYSTEM32\dbgcore.DLL
0x00007ffdec5e0000 - 0x00007ffdec679000 	C:\WINDOWS\System32\bcryptPrimitives.dll
0x00007ffdaa830000 - 0x00007ffdaa83f000 	C:\Users\ADMIN\.jdks\openjdk-24.0.1\bin\instrument.dll
0x00007ffdaa880000 - 0x00007ffdaa89e000 	C:\Users\ADMIN\.jdks\openjdk-24.0.1\bin\java.dll
0x00007ffdedc20000 - 0x00007ffdeddbe000 	C:\WINDOWS\System32\ole32.dll
0x00007ffdec8a0000 - 0x00007ffdecfea000 	C:\WINDOWS\System32\SHELL32.dll
0x00007ffdec460000 - 0x00007ffdec5d4000 	C:\WINDOWS\System32\wintypes.dll
0x00007ffde96c0000 - 0x00007ffde9f1b000 	C:\WINDOWS\SYSTEM32\windows.storage.dll
0x00007ffdee430000 - 0x00007ffdee525000 	C:\WINDOWS\System32\SHCORE.dll
0x00007ffdee6c0000 - 0x00007ffdee72a000 	C:\WINDOWS\System32\shlwapi.dll
0x00007ffdeb940000 - 0x00007ffdeb96f000 	C:\WINDOWS\SYSTEM32\profapi.dll
0x00007ffdaa840000 - 0x00007ffdaa857000 	C:\Users\ADMIN\.jdks\openjdk-24.0.1\bin\zip.dll
0x00007ffdacfb0000 - 0x00007ffdacfc0000 	C:\Users\ADMIN\.jdks\openjdk-24.0.1\bin\net.dll
0x00007ffdead60000 - 0x00007ffdeadca000 	C:\WINDOWS\system32\mswsock.dll
0x00007ffdaa860000 - 0x00007ffdaa876000 	C:\Users\ADMIN\.jdks\openjdk-24.0.1\bin\nio.dll
0x00007ffda99f0000 - 0x00007ffda99f9000 	C:\Users\ADMIN\.jdks\openjdk-24.0.1\bin\extnet.dll
0x00007ffdea2a0000 - 0x00007ffdea3c6000 	C:\WINDOWS\SYSTEM32\DNSAPI.dll
0x00007ffdea210000 - 0x00007ffdea243000 	C:\WINDOWS\SYSTEM32\IPHLPAPI.DLL
0x00007ffded810000 - 0x00007ffded81a000 	C:\WINDOWS\System32\NSI.dll
0x00007ffdd22a0000 - 0x00007ffdd22ab000 	C:\Windows\System32\rasadhlp.dll
0x00007ffde2870000 - 0x00007ffde28f6000 	C:\WINDOWS\System32\fwpuclnt.dll
0x00007ffda95d0000 - 0x00007ffda95da000 	C:\Users\ADMIN\.jdks\openjdk-24.0.1\bin\management.dll
0x00007ffda7fa0000 - 0x00007ffda7fab000 	C:\Users\ADMIN\.jdks\openjdk-24.0.1\bin\management_ext.dll
0x00007ffded6d0000 - 0x00007ffded6d8000 	C:\WINDOWS\System32\PSAPI.DLL
0x00007ffdeb020000 - 0x00007ffdeb03b000 	C:\WINDOWS\SYSTEM32\CRYPTSP.dll
0x00007ffdea740000 - 0x00007ffdea77a000 	C:\WINDOWS\system32\rsaenh.dll
0x00007ffdeae00000 - 0x00007ffdeae2b000 	C:\WINDOWS\SYSTEM32\USERENV.dll
0x00007ffdeb910000 - 0x00007ffdeb936000 	C:\WINDOWS\SYSTEM32\bcrypt.dll
0x00007ffdeb010000 - 0x00007ffdeb01c000 	C:\WINDOWS\SYSTEM32\CRYPTBASE.dll
0x00007ffdc6260000 - 0x00007ffdc6278000 	C:\WINDOWS\system32\napinsp.dll
0x00007ffdc6240000 - 0x00007ffdc6252000 	C:\WINDOWS\System32\winrnr.dll
0x00007ffdc38e0000 - 0x00007ffdc3910000 	C:\WINDOWS\system32\nlansp_c.dll
0x00007ffde3a20000 - 0x00007ffde3a40000 	C:\WINDOWS\system32\wshbth.dll
0x00007ffdc9900000 - 0x00007ffdc994e000 	C:\WINDOWS\SYSTEM32\pdh.dll
0x00007ffdc69b0000 - 0x00007ffdc69c2000 	C:\WINDOWS\System32\perfproc.dll
0x00007ffdc68b0000 - 0x00007ffdc68c1000 	C:\WINDOWS\System32\perfos.dll
0x00007ffde8910000 - 0x00007ffde8922000 	C:\WINDOWS\SYSTEM32\pfclient.dll
0x00007ffdaa190000 - 0x00007ffdaa19e000 	C:\Users\ADMIN\.jdks\openjdk-24.0.1\bin\sunmscapi.dll
0x00007ffdeba30000 - 0x00007ffdebba7000 	C:\WINDOWS\System32\CRYPT32.dll
0x00007ffdeb230000 - 0x00007ffdeb260000 	C:\WINDOWS\SYSTEM32\ncrypt.dll
0x00007ffdeb1e0000 - 0x00007ffdeb21f000 	C:\WINDOWS\SYSTEM32\NTASN1.dll
0x00007ffda7b10000 - 0x00007ffda7b20000 	C:\Users\ADMIN\.jdks\openjdk-24.0.1\bin\verify.dll
0x00007ffd80500000 - 0x00007ffd80508000 	C:\WINDOWS\system32\wshunix.dll
0x00007ffd89240000 - 0x00007ffd89438000 	C:\Users\ADMIN\AppData\Local\Temp\idea_libasyncProfiler_dll_temp_folder\libasyncProfiler.dll

JVMTI agents:
C:\Users\ADMIN\AppData\Local\Programs\IntelliJ IDEA Ultimate\lib\idea_rt.jar path:C:\Users\ADMIN\.jdks\openjdk-24.0.1\bin\instrument.dll, loaded, initialized, instrumentlib options:61170

dbghelp: loaded successfully - version: 4.0.5 - missing functions: none
symbol engine: initialized successfully - sym options: 0x614 - pdb path: .;C:\Users\ADMIN\.jdks\openjdk-24.0.1\bin;C:\WINDOWS\SYSTEM32;C:\WINDOWS\WinSxS\amd64_microsoft.windows.common-controls_6595b64144ccf1df_6.0.26100.4484_none_3e0e6d4ce32ef3b3;C:\Users\ADMIN\.jdks\openjdk-24.0.1\bin\server;C:\Users\ADMIN\AppData\Local\Temp\idea_libasyncProfiler_dll_temp_folder

VM Arguments:
jvm_args: -XX:TieredStopAtLevel=1 -Dspring.output.ansi.enabled=always -Dcom.sun.management.jmxremote -Dspring.jmx.enabled=true -Dspring.liveBeansView.mbeanDomain -Dspring.application.admin.enabled=true -Dmanagement.endpoints.jmx.exposure.include=* -javaagent:C:\Users\ADMIN\AppData\Local\Programs\IntelliJ IDEA Ultimate\lib\idea_rt.jar=61170 -Dfile.encoding=UTF-8 -Dsun.stdout.encoding=UTF-8 -Dsun.stderr.encoding=UTF-8 
java_command: org.example.lmsbackend.LmsBackendApplication
java_class_path (initial): C:\lms\LMS-Backend\target\classes;C:\Users\ADMIN\.m2\repository\org\springframework\boot\spring-boot-starter-security\3.5.3\spring-boot-starter-security-3.5.3.jar;C:\Users\ADMIN\.m2\repository\org\springframework\boot\spring-boot-starter\3.5.3\spring-boot-starter-3.5.3.jar;C:\Users\ADMIN\.m2\repository\org\springframework\boot\spring-boot\3.5.3\spring-boot-3.5.3.jar;C:\Users\ADMIN\.m2\repository\org\springframework\boot\spring-boot-autoconfigure\3.5.3\spring-boot-autoconfigure-3.5.3.jar;C:\Users\ADMIN\.m2\repository\org\springframework\boot\spring-boot-starter-logging\3.5.3\spring-boot-starter-logging-3.5.3.jar;C:\Users\ADMIN\.m2\repository\ch\qos\logback\logback-classic\1.5.18\logback-classic-1.5.18.jar;C:\Users\ADMIN\.m2\repository\ch\qos\logback\logback-core\1.5.18\logback-core-1.5.18.jar;C:\Users\ADMIN\.m2\repository\org\apache\logging\log4j\log4j-to-slf4j\2.24.3\log4j-to-slf4j-2.24.3.jar;C:\Users\ADMIN\.m2\repository\org\apache\logging\log4j\log4j-api\2.24.3\log4j-api-2.24.3.jar;C:\Users\ADMIN\.m2\repository\org\slf4j\jul-to-slf4j\2.0.17\jul-to-slf4j-2.0.17.jar;C:\Users\ADMIN\.m2\repository\jakarta\annotation\jakarta.annotation-api\2.1.1\jakarta.annotation-api-2.1.1.jar;C:\Users\ADMIN\.m2\repository\org\yaml\snakeyaml\2.4\snakeyaml-2.4.jar;C:\Users\ADMIN\.m2\repository\org\springframework\spring-aop\6.2.8\spring-aop-6.2.8.jar;C:\Users\ADMIN\.m2\repository\org\springframework\spring-beans\6.2.8\spring-beans-6.2.8.jar;C:\Users\ADMIN\.m2\repository\org\springframework\security\spring-security-config\6.5.1\spring-security-config-6.5.1.jar;C:\Users\ADMIN\.m2\repository\org\springframework\spring-context\6.2.8\spring-context-6.2.8.jar;C:\Users\ADMIN\.m2\repository\org\springframework\security\spring-security-web\6.5.1\spring-security-web-6.5.1.jar;C:\Users\ADMIN\.m2\repository\org\springframework\spring-expression\6.2.8\spring-expression-6.2.8.jar;C:\Users\ADMIN\.m2\repository\org\springframework\boot\spring-boot-starter-thymeleaf\3.5.3\spring-boot-starter-thymeleaf-3.5.3.jar;C:\Users\ADMIN\.m2\repository\org\thymeleaf\thymeleaf-spring6\3.1.3.RELEASE\thymeleaf-spring6-3.1.3.RELEASE.jar;C:\Users\ADMIN\.m2\repository\org\thymeleaf\thymeleaf\3.1.3.RELEASE\thymeleaf-3.1.3.RELEASE.jar;C:\Users\ADMIN\.m2\repository\org\attoparser\attoparser\2.0.7.RELEASE\attoparser-2.0.7.RELEASE.jar;C:\Users\ADMIN\.m2\repository\org\unbescape\unbescape\1.1.6.RELEASE\unbescape-1.1.6.RELEASE.jar;C:\Users\ADMIN\.m2\repository\org\springframework\boot\spring-boot-starter-web\3.5.3\spring-boot-starter-web-3.5.3.jar;C:\Users\ADMIN\.m2\repository\org\springframework\boot\spring-boot-starter-json\3.5.3\spring-boot-starter-json-3.5.3.jar;C:\Users\ADMIN\.m2\repository\com\fasterxml\jackson\datatype\jackson-datatype-jdk8\2.19.1\jackson-datatype-jdk8-2.19.1.jar;C:\Users\ADMIN\.m2\repository\com\fasterxml\jackson\datatype\jackson-datatype-jsr310\2.19.1\jackson-datatype-jsr310-2.19.1.jar;C:\Users\ADMIN\.m2\repository\com\fasterxml\jackson\module\jackson-module-parameter-names\2.19.1\jackson-module-parameter-names-2.19.1.jar;C:\Users\ADMIN\.m2\repository\org\springframework\boot\spring-boot-starter-tomcat\3.5.3\spring-boot-starter-tomcat-3.5.3.jar;C:\Users\ADMIN\.m2\repository\org\apache\tomcat\embed\tomcat-embed-core\10.1.42\tomcat-embed-core-10.1.42.jar;C:\Users\ADMIN\.m2\repository\org\apache\tomcat\embed\tomcat-embed-el\10.1.42\tomcat-embed-el-10.1.42.jar;C:\Users\ADMIN\.m2\repository\org\apache\tomcat\embed\tomcat-embed-websocket\10.1.42\tomcat-embed-websocket-10.1.42.jar;C:\Users\ADMIN\.m2\repository\org\springframework\spring-web\6.2.8\spring-web-6.2.8.jar;C:\Users\ADMIN\.m2\repository\io\micrometer\micrometer-observation\1.15.1\micrometer-observation-1.15.1.jar;C:\Users\ADMIN\.m2\repository\io\micrometer\micrometer-commons\1.15.1\micrometer-commons-1.15.1.jar;C:\Users\ADMIN\.m2\repository\org\springframework\spring-webmvc\6.2.8\spring-webmvc-6.2.8.jar;C:\Users\ADMIN\.m2\repository\org\springframework\boot\spring-boot-starter-data-jpa\3.5.3\spring-boot-starter-data-jpa-3.5.3.jar;C:\Users\ADMIN\.m2\repository\org\springframework\boot\spring-boot-starter-jdbc\3.5.3\spring-boot-starter-jdbc-3.5.3.jar;C:\Users\ADMIN\.m2\repository\com\zaxxer\HikariCP\6.3.0\HikariCP-6.3.0.jar;C:\Users\ADMIN\.m2\repository\org\springframework\spring-jdbc\6.2.8\spring-jdbc-6.2.8.jar;C:\Users\ADMIN\.m2\repository\org\springframework\data\spring-data-jpa\3.5.1\spring-data-jpa-3.5.1.jar;C:\Users\ADMIN\.m2\repository\org\springframework\data\spring-data-commons\3.5.1\spring-data-commons-3.5.1.jar;C:\Users\ADMIN\.m2\repository\org\springframework\spring-orm\6.2.8\spring-orm-6.2.8.jar;C:\Users\ADMIN\.m2\repository\org\springframework\spring-tx\6.2.8\spring-tx-6.2.8.jar;C:\Users\ADMIN\.m2\repository\org\springframework\spring-aspects\6.2.8\spring-aspects-6.2.8.jar;C:\Users\ADMIN\.m2\repository\org\aspectj\aspectjweaver\1.9.24\aspectjweaver-1.9.24.jar;C:\Users\ADMIN\.m2\repository\org\springframework\boot\spring-boot-starter-mail\3.5.3\spring-boot-starter-mail-3.5.3.jar;C:\Users\ADMIN\.m2\repository\org\springframework\spring-context-support\6.2.8\spring-context-support-6.2.8.jar;C:\Users\ADMIN\.m2\repository\org\eclipse\angus\jakarta.mail\2.0.3\jakarta.mail-2.0.3.jar;C:\Users\ADMIN\.m2\repository\org\eclipse\angus\angus-activation\2.0.2\angus-activation-2.0.2.jar;C:\Users\ADMIN\.m2\repository\org\mybatis\spring\boot\mybatis-spring-boot-starter\3.0.4\mybatis-spring-boot-starter-3.0.4.jar;C:\Users\ADMIN\.m2\repository\org\mybatis\spring\boot\mybatis-spring-boot-autoconfigure\3.0.4\mybatis-spring-boot-autoconfigure-3.0.4.jar;C:\Users\ADMIN\.m2\repository\org\mybatis\mybatis\3.5.17\mybatis-3.5.17.jar;C:\Users\ADMIN\.m2\repository\org\mybatis\mybatis-spring\3.0.4\mybatis-spring-3.0.4.jar;C:\Users\ADMIN\.m2\repository\org\thymeleaf\extras\thymeleaf-extras-springsecurity6\3.1.3.RELEASE\thymeleaf-extras-springsecurity6-3.1.3.RELEASE.jar;C:\Users\ADMIN\.m2\repository\org\slf4j\slf4j-api\2.0.17\slf4j-api-2.0.17.jar;C:\Users\ADMIN\.m2\repository\com\mysql\mysql-connector-j\9.1.0\mysql-connector-j-9.1.0.jar;C:\Users\ADMIN\.m2\repository\org\springdoc\springdoc-openapi-starter-webmvc-ui\2.8.5\springdoc-openapi-starter-webmvc-ui-2.8.5.jar;C:\Users\ADMIN\.m2\repository\org\springdoc\springdoc-openapi-starter-webmvc-api\2.8.5\springdoc-openapi-starter-webmvc-api-2.8.5.jar;C:\Users\ADMIN\.m2\repository\org\springdoc\springdoc-openapi-starter-common\2.8.5\springdoc-openapi-starter-common-2.8.5.jar;C:\Users\ADMIN\.m2\repository\io\swagger\core\v3\swagger-core-jakarta\2.2.28\swagger-core-jakarta-2.2.28.jar;C:\Users\ADMIN\.m2\repository\org\apache\commons\commons-lang3\3.17.0\commons-lang3-3.17.0.jar;C:\Users\ADMIN\.m2\repository\io\swagger\core\v3\swagger-annotations-jakarta\2.2.28\swagger-annotations-jakarta-2.2.28.jar;C:\Users\ADMIN\.m2\repository\io\swagger\core\v3\swagger-models-jakarta\2.2.28\swagger-models-jakarta-2.2.28.jar;C:\Users\ADMIN\.m2\repository\jakarta\validation\jakarta.validation-api\3.0.2\jakarta.validation-api-3.0.2.jar;C:\Users\ADMIN\.m2\repository\com\fasterxml\jackson\dataformat\jackson-dataformat-yaml\2.19.1\jackson-dataformat-yaml-2.19.1.jar;C:\Users\ADMIN\.m2\repository\org\webjars\swagger-ui\5.18.3\swagger-ui-5.18.3.jar;C:\Users\ADMIN\.m2\repository\org\webjars\webjars-locator-lite\1.1.0\webjars-locator-lite-1.1.0.jar;C:\Users\ADMIN\.m2\repository\org\jspecify\jspecify\1.0.0\jspecify-1.0.0.jar;C:\Users\ADMIN\.m2\repository\io\jsonwebtoken\jjwt-api\0.11.5\jjwt-api-0.11.5.jar;C:\Users\ADMIN\.m2\repository\io\jsonwebtoken\jjwt-impl\0.11.5\jjwt-impl-0.11.5.jar;C:\Users\ADMIN\.m2\repository\io\jsonwebtoken\jjwt-jackson\0.11.5\jjwt-jackson-0.11.5.jar;C:\Users\ADMIN\.m2\repository\com\fasterxml\jackson\core\jackson-databind\2.19.1\jackson-databind-2.19.1.jar;C:\Users\ADMIN\.m2\repository\com\fasterxml\jackson\core\jackson-annotations\2.19.1\jackson-annotations-2.19.1.jar;C:\Users\ADMIN\.m2\repository\com\fasterxml\jackson\core\jackson-core\2.19.1\jackson-core-2.19.1.jar;C:\Users\ADMIN\.m2\repository\org\hibernate\orm\hibernate-core\6.6.8.Final\hibernate-core-6.6.8.Final.jar;C:\Users\ADMIN\.m2\repository\jakarta\transaction\jakarta.transaction-api\2.0.1\jakarta.transaction-api-2.0.1.jar;C:\Users\ADMIN\.m2\repository\org\jboss\logging\jboss-logging\3.6.1.Final\jboss-logging-3.6.1.Final.jar;C:\Users\ADMIN\.m2\repository\org\hibernate\common\hibernate-commons-annotations\7.0.3.Final\hibernate-commons-annotations-7.0.3.Final.jar;C:\Users\ADMIN\.m2\repository\io\smallrye\jandex\3.2.0\jandex-3.2.0.jar;C:\Users\ADMIN\.m2\repository\com\fasterxml\classmate\1.7.0\classmate-1.7.0.jar;C:\Users\ADMIN\.m2\repository\net\bytebuddy\byte-buddy\1.17.6\byte-buddy-1.17.6.jar;C:\Users\ADMIN\.m2\repository\jakarta\xml\bind\jakarta.xml.bind-api\4.0.2\jakarta.xml.bind-api-4.0.2.jar;C:\Users\ADMIN\.m2\repository\org\glassfish\jaxb\jaxb-runtime\4.0.5\jaxb-runtime-4.0.5.jar;C:\Users\ADMIN\.m2\repository\org\glassfish\jaxb\jaxb-core\4.0.5\jaxb-core-4.0.5.jar;C:\Users\ADMIN\.m2\repository\org\glassfish\jaxb\txw2\4.0.5\txw2-4.0.5.jar;C:\Users\ADMIN\.m2\repository\com\sun\istack\istack-commons-runtime\4.1.2\istack-commons-runtime-4.1.2.jar;C:\Users\ADMIN\.m2\repository\jakarta\inject\jakarta.inject-api\2.0.1\jakarta.inject-api-2.0.1.jar;C:\Users\ADMIN\.m2\repository\org\antlr\antlr4-runtime\4.13.0\antlr4-runtime-4.13.0.jar;C:\Users\ADMIN\.m2\repository\jakarta\persistence\jakarta.persistence-api\3.1.0\jakarta.persistence-api-3.1.0.jar;C:\Users\ADMIN\.m2\repository\jakarta\activation\jakarta.activation-api\2.1.3\jakarta.activation-api-2.1.3.jar;C:\Users\ADMIN\.m2\repository\org\projectlombok\lombok\1.18.38\lombok-1.18.38.jar;C:\Users\ADMIN\.m2\repository\org\springframework\spring-core\6.2.8\spring-core-6.2.8.jar;C:\Users\ADMIN\.m2\repository\org\springframework\spring-jcl\6.2.8\spring-jcl-6.2.8.jar;C:\Users\ADMIN\.m2\repository\org\springframework\security\spring-security-core\6.5.1\spring-security-core-6.5.1.jar;C:\Users\ADMIN\.m2\repository\org\springframework\security\spring-security-crypto\6.5.1\spring-security-crypto-6.5.1.jar
Launcher Type: SUN_STANDARD

[Global flags]
     intx CICompilerCount                          = 4                                         {product} {ergonomic}
     uint ConcGCThreads                            = 3                                         {product} {ergonomic}
     bool FlightRecorder                           = true                                      {product} {management}
     uint G1ConcRefinementThreads                  = 10                                        {product} {ergonomic}
   size_t G1HeapRegionSize                         = 2097152                                   {product} {ergonomic}
   size_t InitialHeapSize                          = 268435456                                 {product} {ergonomic}
     bool ManagementServer                         = true                                      {product} {command line}
   size_t MarkStackSize                            = 4194304                                   {product} {ergonomic}
   size_t MarkStackSizeMax                         = 536870912                                 {product} {ergonomic}
   size_t MaxHeapSize                              = 4263510016                                {product} {ergonomic}
   size_t MaxNewSize                               = 2556428288                                {product} {ergonomic}
   size_t MinHeapDeltaBytes                        = 2097152                                   {product} {ergonomic}
   size_t MinHeapSize                              = 8388608                                   {product} {ergonomic}
    uintx NonNMethodCodeHeapSize                   = 4096                                   {pd product} {ergonomic}
    uintx NonProfiledCodeHeapSize                  = 0                                      {pd product} {ergonomic}
     bool ProfileInterpreter                       = false                                  {pd product} {command line}
    uintx ProfiledCodeHeapSize                     = 0                                      {pd product} {ergonomic}
   size_t SoftMaxHeapSize                          = 4263510016                             {manageable} {ergonomic}
     intx TieredStopAtLevel                        = 1                                         {product} {command line}
     bool UseCompressedOops                        = true                           {product lp64_product} {ergonomic}
     bool UseG1GC                                  = true                                      {product} {ergonomic}
     bool UseLargePagesIndividualAllocation        = false                                  {pd product} {ergonomic}

Logging:
Log output configuration:
 #0: stdout all=warning uptime,level,tags foldmultilines=false
 #1: stderr all=off uptime,level,tags foldmultilines=false

Environment Variables:
JAVA_HOME=C:\Program Files\Java\jdk-21
PATH=c:\Users\ADMIN\AppData\Local\Programs\cursor\resources\app\bin;C:\Program Files\Common Files\Oracle\Java\javapath;C:\Program Files\Microsoft MPI\Bin\;C:\WINDOWS\system32;C:\WINDOWS;C:\WINDOWS\System32\Wbem;C:\WINDOWS\System32\WindowsPowerShell\v1.0\;C:\WINDOWS\System32\OpenSSH\;C:\Program Files\dotnet\;C:\Program Files (x86)\Microsoft SQL Server\160\Tools\Binn\;C:\Program Files\Microsoft SQL Server\160\Tools\Binn\;C:\Program Files\Microsoft SQL Server\Client SDK\ODBC\170\Tools\Binn\;C:\Program Files\Microsoft SQL Server\160\DTS\Binn\;C:\Program Files (x86)\Microsoft SQL Server\160\DTS\Binn\;C:\Program Files\Microsoft SQL Server\150\Tools\Binn\;C:\Program Files\nodejs\;C:\Program Files\Git\cmd;C:\Program Files\Java\jdk-21\bin;C:\Users\ADMIN\Downloads\apache-maven-3.9.9-bin;C:\Users\ADMIN\AppData\Local\Microsoft\WindowsApps;C:\Users\ADMIN\.dotnet\tools;C:\Users\ADMIN\AppData\Roaming\npm;C:\Program Files\JetBrains\JetBrains Rider 2024.2\bin;;C:\Users\ADMIN\AppData\Local\JetBrains\Toolbox\scripts;E:\apache-maven-;C:\Users\ADMIN\AppData\Local\Programs\Microsoft VS Code\bin;E:\apache-maven-3.9.9\bin;C:\Users\ADMIN\AppData\Local\Programs\cursor\resources\app\bin
USERNAME=ADMIN
OS=Windows_NT
PROCESSOR_IDENTIFIER=Intel64 Family 6 Model 158 Stepping 10, GenuineIntel
TMP=C:\Users\ADMIN\AppData\Local\Temp
TEMP=C:\Users\ADMIN\AppData\Local\Temp




Periodic native trim disabled

---------------  S Y S T E M  ---------------

OS:
 Windows 11 , 64 bit Build 26100 (10.0.26100.4484)
OS uptime: 0 days 8:41 hours

CPU: total 12 (initial active 12) (6 cores per cpu, 2 threads per core) family 6 model 158 stepping 10 microcode 0xde, cx8, cmov, fxsr, ht, mmx, 3dnowpref, sse, sse2, sse3, ssse3, sse4.1, sse4.2, popcnt, lzcnt, tsc, tscinvbit, avx, avx2, aes, erms, clmul, bmi1, bmi2, adx, fma, vzeroupper, clflush, clflushopt, rdtscp, f16c
Processor Information for the first 12 processors :
  Max Mhz: 2208, Current Mhz: 2208, Mhz Limit: 2208

Memory: 4k page, system-wide physical 16260M (5345M free)
TotalPageFile size 32520M (AvailPageFile size 7437M)
current process WorkingSet (physical memory assigned to process): 245M, peak: 245M
current process commit charge ("private bytes"): 311M, peak: 391M

vm_info: OpenJDK 64-Bit Server VM (24.0.1+9-30) for windows-amd64 JRE (24.0.1+9-30), built on 2025-03-05T07:23:45Z with MS VC++ 17.6 (VS2022)

END.
